c:\users\qinyunti\onedrive\work\公众号文章\uc-fs\nand\nand_vs\x64\debug\vc143.pdb
c:\users\qinyunti\onedrive\work\公众号文章\uc-fs\nand\nand_vs\x64\debug\vc143.idb
c:\users\qinyunti\onedrive\work\公众号文章\uc-fs\nand\nand_vs\x64\debug\nand_port.obj
c:\users\qinyunti\onedrive\work\公众号文章\uc-fs\nand\nand_vs\x64\debug\fs_dev_nand_part_static.obj
c:\users\qinyunti\onedrive\work\公众号文章\uc-fs\nand\nand_vs\x64\debug\fs_dev_nand_ctrlr_gen_soft_ecc.obj
c:\users\qinyunti\onedrive\work\公众号文章\uc-fs\nand\nand_vs\x64\debug\fs_dev_nand_ctrlr_gen.obj
c:\users\qinyunti\onedrive\work\公众号文章\uc-fs\nand\nand_vs\x64\debug\fs_dev_nand.obj
c:\users\qinyunti\onedrive\work\公众号文章\uc-fs\nand\nand_vs\x64\debug\bsp_fs_dev_nand_ctrlr_gen.obj
c:\users\qinyunti\onedrive\work\公众号文章\uc-fs\nand\nand_vs\x64\debug\ecc_hamming.obj
c:\users\qinyunti\onedrive\work\公众号文章\uc-fs\nand\nand_vs\x64\debug\crc_util.obj
c:\users\qinyunti\onedrive\work\公众号文章\uc-fs\nand\nand_vs\x64\debug\test.obj
c:\users\qinyunti\onedrive\work\公众号文章\uc-fs\nand\nand_vs\x64\debug\nand_vs.exe
c:\users\qinyunti\onedrive\work\公众号文章\uc-fs\nand\nand_vs\x64\debug\nand_vs.ilk
c:\users\qinyunti\onedrive\work\公众号文章\uc-fs\nand\nand_vs\x64\debug\nand_vs.pdb
c:\users\qinyunti\onedrive\work\公众号文章\uc-fs\nand\nand_vs\x64\debug\bsp_fs_dev_nand_ctrlr_gen.new.obj.enc
c:\users\qinyunti\onedrive\work\公众号文章\uc-fs\nand\nand_vs\x64\debug\nand_vs.tlog\cl.command.1.tlog
c:\users\qinyunti\onedrive\work\公众号文章\uc-fs\nand\nand_vs\x64\debug\nand_vs.tlog\cl.read.1.tlog
c:\users\qinyunti\onedrive\work\公众号文章\uc-fs\nand\nand_vs\x64\debug\nand_vs.tlog\cl.write.1.tlog
c:\users\qinyunti\onedrive\work\公众号文章\uc-fs\nand\nand_vs\x64\debug\nand_vs.tlog\link.command.1.tlog
c:\users\qinyunti\onedrive\work\公众号文章\uc-fs\nand\nand_vs\x64\debug\nand_vs.tlog\link.read.1.tlog
c:\users\qinyunti\onedrive\work\公众号文章\uc-fs\nand\nand_vs\x64\debug\nand_vs.tlog\link.write.1.tlog
